<?xml version="1.0" encoding="UTF-8"?>
<!-- Generated by org.testng.reporters.JUnitXMLReporter -->
<testsuite ignored="0" hostname="Smeeti" failures="0" tests="2" name="Default test" time="9.729" errors="0" timestamp="2023-08-24T22:46:54 IST">
  <testcase classname="com.swaglab.Tests.LoginTest" name="VerifyErrorMessageAfterEnterInvalidCredential" time="0.553"/>
  <testcase classname="com.swaglab.Tests.LoginTest" name="VerifyUserLoginSuccessfully" time="2.713"/>
</testsuite> <!-- Default test -->
