<?xml version="1.0" encoding="UTF-8"?>
<testng-results ignored="0" total="2" passed="2" failed="0" skipped="0">
  <reporter-output>
  </reporter-output>
  <suite started-at="2023-08-24T22:46:44 IST" name="Default suite" finished-at="2023-08-24T22:46:54 IST" duration-ms="9729">
    <groups>
    </groups>
    <test started-at="2023-08-24T22:46:44 IST" name="Default test" finished-at="2023-08-24T22:46:54 IST" duration-ms="9729">
      <class name="com.swaglab.Tests.LoginTest">
        <test-method is-config="true" signature="BrowserOpen()[pri:0, instance:com.swaglab.Tests.LoginTest@b9b00e0]" started-at="2023-08-24T22:46:44 IST" name="BrowserOpen" finished-at="2023-08-24T22:46:51 IST" duration-ms="6105" status="PASS">
          <reporter-output>
          </reporter-output>
        </test-method> <!-- BrowserOpen -->
        <test-method signature="VerifyErrorMessageAfterEnterInvalidCredential()[pri:0, instance:com.swaglab.Tests.LoginTest@b9b00e0]" started-at="2023-08-24T22:46:51 IST" name="VerifyErrorMessageAfterEnterInvalidCredential" finished-at="2023-08-24T22:46:51 IST" duration-ms="553" status="PASS">
          <reporter-output>
          </reporter-output>
        </test-method> <!-- VerifyErrorMessageAfterEnterInvalidCredential -->
        <test-method signature="VerifyUserLoginSuccessfully()[pri:0, instance:com.swaglab.Tests.LoginTest@b9b00e0]" started-at="2023-08-24T22:46:51 IST" name="VerifyUserLoginSuccessfully" finished-at="2023-08-24T22:46:54 IST" depends-on-methods="com.swaglab.Tests.LoginTest.VerifyErrorMessageAfterEnterInvalidCredential" duration-ms="2713" status="PASS">
          <reporter-output>
          </reporter-output>
        </test-method> <!-- VerifyUserLoginSuccessfully -->
        <test-method is-config="true" signature="BrowserClose()[pri:0, instance:com.swaglab.Tests.LoginTest@b9b00e0]" started-at="2023-08-24T22:46:54 IST" name="BrowserClose" finished-at="2023-08-24T22:46:54 IST" duration-ms="295" status="PASS">
          <reporter-output>
          </reporter-output>
        </test-method> <!-- BrowserClose -->
      </class> <!-- com.swaglab.Tests.LoginTest -->
    </test> <!-- Default test -->
  </suite> <!-- Default suite -->
</testng-results>
